2025-04-09T14:58:12.978Z [[32minfo[39m]: Successfully connected to DB
2025-04-09T14:58:13.001Z [[32minfo[39m]: Server running on port 3100
2025-04-09T15:14:52.088Z [[32minfo[39m]: Successfully connected to DB
2025-04-09T15:14:52.097Z [[32minfo[39m]: Server running on port 3100
2025-04-09T15:21:52.732Z [[32minfo[39m]: Successfully connected to DB
2025-04-09T15:21:52.739Z [[32minfo[39m]: Server running on port 3100
2025-04-09T15:22:11.895Z [[32minfo[39m]: Successfully connected to DB
2025-04-09T15:22:11.905Z [[32minfo[39m]: Server running on port 3100
2025-04-09T15:53:15.699Z [[32minfo[39m]: Successfully connected to DB
2025-04-09T15:53:15.735Z [[32minfo[39m]: Server running on port 3100
2025-04-09T15:55:05.166Z [[32minfo[39m]: Successfully connected to DB
2025-04-09T15:55:05.175Z [[32minfo[39m]: Server running on port 3100
2025-04-09T15:56:17.632Z [[32minfo[39m]: Successfully connected to DB
2025-04-09T15:56:17.638Z [[32minfo[39m]: Server running on port 3100
2025-04-09T15:58:44.181Z [[32minfo[39m]: Successfully connected to DB
2025-04-09T15:58:44.188Z [[32minfo[39m]: Server running on port 3100
2025-04-09T15:59:21.597Z [[32minfo[39m]: Successfully connected to DB
2025-04-09T15:59:21.605Z [[32minfo[39m]: Server running on port 3100
2025-04-09T16:00:42.409Z [[32minfo[39m]: Successfully connected to DB
2025-04-09T16:00:42.421Z [[32minfo[39m]: Server running on port 3100
2025-04-09T16:01:33.289Z [[32minfo[39m]: Successfully connected to DB
2025-04-09T16:01:33.294Z [[32minfo[39m]: Server running on port 3100
2025-04-09T16:04:03.756Z [[32minfo[39m]: Successfully connected to DB
2025-04-09T16:04:03.763Z [[32minfo[39m]: Server running on port 3100
2025-04-09T16:06:47.533Z [[32minfo[39m]: Successfully connected to DB
2025-04-09T16:06:47.540Z [[32minfo[39m]: Server running on port 3100
2025-04-09T16:07:52.566Z [[32minfo[39m]: Successfully connected to DB
2025-04-09T16:07:52.571Z [[32minfo[39m]: Server running on port 3100
2025-04-09T16:10:51.389Z [[32minfo[39m]: Successfully connected to DB
2025-04-09T16:10:51.394Z [[32minfo[39m]: Server running on port 3100
2025-04-09T16:11:13.900Z [[32minfo[39m]: Successfully connected to DB
2025-04-09T16:11:13.909Z [[32minfo[39m]: Server running on port 3100
2025-04-09T16:12:41.073Z [[32minfo[39m]: Successfully connected to DB
2025-04-09T16:12:41.085Z [[32minfo[39m]: Server running on port 3100
2025-04-09T16:14:26.094Z [[32minfo[39m]: Successfully connected to DB
2025-04-09T16:14:26.099Z [[32minfo[39m]: Server running on port 3100
2025-04-09T16:15:17.175Z [[32minfo[39m]: Successfully connected to DB
2025-04-09T16:15:17.183Z [[32minfo[39m]: Server running on port 3100
2025-04-09T16:20:03.036Z [[32minfo[39m]: POST - /v1/api/auth/register
2025-04-09T16:20:19.355Z [[32minfo[39m]: POST - /v1/api/auth/register
2025-04-09T16:21:50.459Z [[32minfo[39m]: Successfully connected to DB
2025-04-09T16:21:50.475Z [[32minfo[39m]: Server running on port 3100
2025-04-09T16:23:29.834Z [[32minfo[39m]: POST - /v1/api/auth/register
2025-04-09T16:26:24.027Z [[32minfo[39m]: Successfully connected to DB
2025-04-09T16:26:24.036Z [[32minfo[39m]: Server running on port 3100
2025-04-09T16:27:28.093Z [[32minfo[39m]: Successfully connected to DB
2025-04-09T16:27:28.099Z [[32minfo[39m]: Server running on port 3100
2025-04-09T16:27:53.208Z [[32minfo[39m]: Successfully connected to DB
2025-04-09T16:27:53.219Z [[32minfo[39m]: Server running on port 3100
2025-04-09T16:27:56.943Z [[32minfo[39m]: POST - /v1/api/auth/register
2025-04-09T16:36:54.899Z [[32minfo[39m]: PATCH - /v1/api/auth/verify-email
2025-04-09T16:37:02.676Z [[32minfo[39m]: PATCH - /v1/api/auth/verify-email
2025-04-09T16:37:45.141Z [[32minfo[39m]: PATCH - /v1/api/auth/verify-email
2025-04-09T16:38:51.186Z [[32minfo[39m]: POST - /v1/api/auth/resend-verification
2025-04-09T16:40:04.738Z [[32minfo[39m]: PATCH - /v1/api/auth/verify-email
2025-04-09T16:41:29.301Z [[32minfo[39m]: Successfully connected to DB
2025-04-09T16:41:29.321Z [[32minfo[39m]: Server running on port 3100
2025-04-09T16:42:30.079Z [[32minfo[39m]: Successfully connected to DB
2025-04-09T16:42:30.089Z [[32minfo[39m]: Server running on port 3100
2025-04-09T16:42:53.283Z [[32minfo[39m]: PATCH - /v1/api/auth/verify-email
2025-04-09T16:44:15.305Z [[32minfo[39m]: Successfully connected to DB
2025-04-09T16:44:15.312Z [[32minfo[39m]: Server running on port 3100
2025-04-09T16:44:20.150Z [[32minfo[39m]: PATCH - /v1/api/auth/verify-email
2025-04-09T16:45:27.555Z [[32minfo[39m]: Successfully connected to DB
2025-04-09T16:45:27.560Z [[32minfo[39m]: Server running on port 3100
2025-04-09T16:45:31.580Z [[32minfo[39m]: PATCH - /v1/api/auth/verify-email
2025-04-09T16:51:27.266Z [[32minfo[39m]: Successfully connected to DB
2025-04-09T16:51:27.274Z [[32minfo[39m]: Server running on port 3100
2025-04-09T16:52:59.499Z [[32minfo[39m]: Successfully connected to DB
2025-04-09T16:52:59.511Z [[32minfo[39m]: Server running on port 3100
2025-04-09T16:54:15.176Z [[32minfo[39m]: POST - /v1/api/auth/register
2025-04-09T16:54:44.433Z [[32minfo[39m]: POST - /v1/api/auth/register
2025-04-09T16:55:25.978Z [[32minfo[39m]: PATCH - /v1/api/auth/verify-email
2025-04-09T17:15:52.020Z [[32minfo[39m]: Successfully connected to DB
2025-04-09T17:15:52.024Z [[32minfo[39m]: Server running on port 3100
2025-04-09T18:12:29.797Z [[32minfo[39m]: Successfully connected to DB
2025-04-09T18:12:29.803Z [[32minfo[39m]: Server running on port 3100
2025-04-09T18:12:55.028Z [[32minfo[39m]: Successfully connected to DB
2025-04-09T18:12:55.036Z [[32minfo[39m]: Server running on port 3100
2025-04-10T07:47:43.130Z [[31merror[39m]: Error connecting to DB
2025-04-10T07:47:43.170Z [[32minfo[39m]: Server running on port 3100
2025-04-10T12:10:18.390Z [[32minfo[39m]: Successfully connected to DB
2025-04-10T12:10:18.395Z [[32minfo[39m]: Server running on port 3100
2025-04-10T12:16:16.307Z [[32minfo[39m]: POST - /v1/api/auth/register
2025-04-10T12:16:33.536Z [[32minfo[39m]: POST - /v1/api/auth/register
2025-04-10T12:22:31.501Z [[32minfo[39m]: POST - /v1/api/auth/register
2025-04-10T12:23:30.654Z [[32minfo[39m]: PATCH - /v1/api/auth/verify-email
2025-04-10T12:25:12.946Z [[32minfo[39m]: POST - /v1/api/auth/login
2025-04-10T12:26:58.092Z [[32minfo[39m]: POST - /v1/api/auth/register
2025-04-10T12:29:32.779Z [[32minfo[39m]: Successfully connected to DB
2025-04-10T12:29:32.788Z [[32minfo[39m]: Server running on port 3100
2025-04-10T12:29:37.183Z [[32minfo[39m]: POST - /v1/api/auth/register
2025-04-10T12:31:57.291Z [[32minfo[39m]: POST - /v1/api/auth/resend-verification
2025-04-10T12:32:09.879Z [[32minfo[39m]: POST - /v1/api/auth/resend-verification
2025-04-10T12:35:56.729Z [[32minfo[39m]: POST - /v1/api/auth/register
2025-04-10T12:36:38.637Z [[32minfo[39m]: POST - /v1/api/auth/resend-verification
2025-04-10T12:36:52.344Z [[32minfo[39m]: POST - /v1/api/auth/resend-verification
2025-04-10T12:37:03.939Z [[32minfo[39m]: POST - /v1/api/auth/register
2025-04-10T12:39:07.399Z [[32minfo[39m]: Successfully connected to DB
2025-04-10T12:39:07.407Z [[32minfo[39m]: Server running on port 3100
2025-04-10T13:44:34.785Z [[32minfo[39m]: Successfully connected to DB
2025-04-10T13:44:34.792Z [[32minfo[39m]: Server running on port 3100
2025-04-10T14:17:54.047Z [[32minfo[39m]: Successfully connected to DB
2025-04-10T14:17:54.060Z [[32minfo[39m]: Server running on port 3100
2025-04-10T14:22:33.769Z [[32minfo[39m]: Successfully connected to DB
2025-04-10T14:22:33.776Z [[32minfo[39m]: Server running on port 3100
2025-04-10T15:09:20.317Z [[32minfo[39m]: Successfully connected to DB
2025-04-10T15:09:20.362Z [[32minfo[39m]: Server running on port 3100
2025-04-10T15:13:14.516Z [[32minfo[39m]: Successfully connected to DB
2025-04-10T15:13:14.524Z [[32minfo[39m]: Server running on port 3100
2025-04-10T15:16:08.306Z [[32minfo[39m]: Successfully connected to DB
2025-04-10T15:16:08.316Z [[32minfo[39m]: Server running on port 3100
2025-04-10T15:22:11.309Z [[32minfo[39m]: Successfully connected to DB
2025-04-10T15:22:11.340Z [[32minfo[39m]: Server running on port 3000
2025-04-10T15:25:02.920Z [[32minfo[39m]: Successfully connected to DB
2025-04-10T15:25:02.929Z [[32minfo[39m]: Server running on port 3000
2025-04-10T15:26:24.521Z [[32minfo[39m]: Successfully connected to DB
2025-04-10T15:26:24.531Z [[32minfo[39m]: Server running on port 3000
2025-04-10T15:34:23.002Z [[32minfo[39m]: Successfully connected to DB
2025-04-10T15:34:23.007Z [[32minfo[39m]: Server running on port 3000
2025-04-10T15:35:25.692Z [[32minfo[39m]: Successfully connected to DB
2025-04-10T15:35:25.700Z [[32minfo[39m]: Server running on port 3100
2025-04-10T15:35:29.292Z [[32minfo[39m]: POST - /v1/api/auth/register
2025-04-10T15:37:38.342Z [[32minfo[39m]: PATCH - /v1/api/auth/verify-email
2025-04-10T15:45:14.586Z [[32minfo[39m]: Successfully connected to DB
2025-04-10T15:45:14.596Z [[32minfo[39m]: Server running on port 3100
2025-04-10T15:45:35.038Z [[32minfo[39m]: Successfully connected to DB
2025-04-10T15:45:35.045Z [[32minfo[39m]: Server running on port 3100
2025-04-10T15:45:44.323Z [[32minfo[39m]: PATCH - /v1/api/auth/verify-email
2025-04-10T15:47:10.626Z [[32minfo[39m]: POST - /v1/api/auth/register
2025-04-10T15:47:52.486Z [[32minfo[39m]: PATCH - /v1/api/auth/verify-email
2025-04-10T15:58:05.825Z [[32minfo[39m]: POST - /v1/api/auth/register
2025-04-10T15:58:51.657Z [[32minfo[39m]: PATCH - /v1/api/auth/verify-email
2025-04-10T17:05:49.881Z [[32minfo[39m]: Successfully connected to DB
2025-04-10T17:05:49.908Z [[32minfo[39m]: Server running on port 3100
2025-04-10T17:06:02.485Z [[32minfo[39m]: POST - /v1/api/auth/login
2025-04-10T17:06:43.800Z [[32minfo[39m]: Successfully connected to DB
2025-04-10T17:06:43.806Z [[32minfo[39m]: Server running on port 3100
2025-04-10T17:27:46.636Z [[32minfo[39m]: PATCH - /v1/api/auth/reset-password
2025-04-10T17:32:34.472Z [[32minfo[39m]: PATCH - /v1/api/auth/reset-password
2025-04-10T17:32:49.992Z [[32minfo[39m]: POST - /v1/api/auth/login
2025-04-10T17:33:19.609Z [[32minfo[39m]: PATCH - /v1/api/auth/reset-password
2025-04-10T17:35:01.130Z [[32minfo[39m]: Successfully connected to DB
2025-04-10T17:35:01.175Z [[32minfo[39m]: Server running on port 3100
2025-04-10T17:50:23.897Z [[32minfo[39m]: Successfully connected to DB
2025-04-10T17:50:23.904Z [[32minfo[39m]: Server running on port 3100
2025-04-10T17:51:44.598Z [[32minfo[39m]: PATCH - /v1/api/auth/reset-password
2025-04-10T17:53:37.311Z [[32minfo[39m]: PATCH - /v1/api/auth/reset-password
2025-04-10T17:54:48.139Z [[32minfo[39m]: PATCH - /v1/api/auth/reset-password
2025-04-10T18:02:03.777Z [[32minfo[39m]: PUT - /v1/api/auth/logout
2025-04-10T18:02:14.303Z [[32minfo[39m]: PUT - /v1/api/auth/logout
2025-04-11T16:10:39.107Z [[32minfo[39m]: POST - /v1/api%7D%7D/auth/resend-verification
2025-04-11T16:10:39.238Z [[33mwarn[39m]: Can not find /v1/api%7D%7D/auth/resend-verification with POST on this server
2025-04-11T16:11:50.412Z [[32minfo[39m]: POST - /v1/api/auth/resend-verification
2025-04-14T16:57:41.339Z [[32minfo[39m]: Successfully connected to DB
2025-04-14T16:57:41.351Z [[32minfo[39m]: Server running on port 3100
2025-04-14T17:07:49.596Z [[32minfo[39m]: Successfully connected to DB
2025-04-14T17:07:49.620Z [[32minfo[39m]: Server running on port 3100
2025-04-14T17:09:09.509Z [[32minfo[39m]: Successfully connected to DB
2025-04-14T17:09:09.518Z [[32minfo[39m]: Server running on port 3100
2025-04-14T17:12:10.312Z [[32minfo[39m]: Successfully connected to DB
2025-04-14T17:12:10.319Z [[32minfo[39m]: Server running on port 3100
2025-04-14T17:14:32.457Z [[32minfo[39m]: Successfully connected to DB
2025-04-14T17:14:32.465Z [[32minfo[39m]: Server running on port 3100
2025-04-14T17:15:16.503Z [[32minfo[39m]: Successfully connected to DB
2025-04-14T17:15:16.509Z [[32minfo[39m]: Server running on port 3100
2025-04-14T17:44:45.331Z [[32minfo[39m]: Successfully connected to DB
2025-04-14T17:44:45.339Z [[32minfo[39m]: Server running on port 3100
2025-04-14T17:45:02.130Z [[32minfo[39m]: Successfully connected to DB
2025-04-14T17:45:02.138Z [[32minfo[39m]: Server running on port 3100
2025-04-14T17:53:54.687Z [[32minfo[39m]: POST - /v1/api/auth/login
2025-04-14T17:55:11.285Z [[32minfo[39m]: Successfully connected to DB
2025-04-14T17:55:11.293Z [[32minfo[39m]: Server running on port 3100
2025-04-14T17:58:12.539Z [[32minfo[39m]: Successfully connected to DB
2025-04-14T17:58:12.551Z [[32minfo[39m]: Server running on port 3100
2025-04-14T18:11:02.524Z [[32minfo[39m]: Successfully connected to DB
2025-04-14T18:11:02.535Z [[32minfo[39m]: Server running on port 3100
2025-04-14T18:11:33.404Z [[32minfo[39m]: Successfully connected to DB
2025-04-14T18:11:33.412Z [[32minfo[39m]: Server running on port 3100
2025-04-14T18:12:22.865Z [[32minfo[39m]: Successfully connected to DB
2025-04-14T18:12:22.875Z [[32minfo[39m]: Server running on port 3100
2025-04-14T18:17:42.902Z [[32minfo[39m]: Successfully connected to DB
2025-04-14T18:17:42.914Z [[32minfo[39m]: Server running on port 3100
2025-04-14T18:18:14.756Z [[32minfo[39m]: Successfully connected to DB
2025-04-14T18:18:14.767Z [[32minfo[39m]: Server running on port 3100
2025-04-14T18:20:34.648Z [[32minfo[39m]: Successfully connected to DB
2025-04-14T18:20:34.656Z [[32minfo[39m]: Server running on port 3100
2025-04-14T18:21:47.488Z [[32minfo[39m]: POST - /v1/api/auth/forgot-password
2025-04-14T18:23:30.844Z [[32minfo[39m]: PATCH - /v1/api/auth/reset-password
2025-04-14T18:24:48.675Z [[32minfo[39m]: PATCH - /v1/api/auth/reset-password
2025-04-14T18:26:12.911Z [[32minfo[39m]: Successfully connected to DB
2025-04-14T18:26:12.918Z [[32minfo[39m]: Server running on port 3100
2025-04-14T18:26:16.996Z [[32minfo[39m]: PATCH - /v1/api/auth/reset-password
2025-04-14T18:26:33.233Z [[32minfo[39m]: PATCH - /v1/api/auth/reset-password
2025-04-14T18:27:37.021Z [[32minfo[39m]: PATCH - /v1/api/auth/reset-password
2025-04-14T18:30:11.973Z [[32minfo[39m]: POST - /v1/api/auth/forgot-password
2025-04-14T18:31:01.912Z [[32minfo[39m]: PATCH - /v1/api/auth/reset-password
2025-04-14T18:35:23.174Z [[32minfo[39m]: Successfully connected to DB
2025-04-14T18:35:23.187Z [[32minfo[39m]: Server running on port 3100
2025-04-14T18:35:36.548Z [[32minfo[39m]: PATCH - /v1/api/auth/reset-password
2025-04-14T18:36:08.246Z [[32minfo[39m]: PATCH - /v1/api/auth/reset-password
2025-04-14T18:37:04.303Z [[32minfo[39m]: POST - /v1/api/auth/login
2025-04-14T18:37:48.614Z [[32minfo[39m]: POST - /v1/api/auth/login
2025-04-14T18:38:04.715Z [[32minfo[39m]: POST - /v1/api/auth/login
2025-04-14T18:38:10.884Z [[32minfo[39m]: POST - /v1/api/auth/login
2025-04-14T18:38:17.812Z [[32minfo[39m]: POST - /v1/api/auth/login
2025-04-14T18:38:28.494Z [[32minfo[39m]: POST - /v1/api/auth/login
2025-04-14T18:40:32.480Z [[32minfo[39m]: POST - /v1/api/auth/register
2025-04-14T18:40:42.404Z [[32minfo[39m]: POST - /v1/api/auth/login
2025-04-14T18:43:26.757Z [[32minfo[39m]: PATCH - /v1/api/auth/verify-email
2025-04-14T18:43:40.484Z [[32minfo[39m]: POST - /v1/api/auth/login
2025-04-14T18:45:00.065Z [[32minfo[39m]: Successfully connected to DB
2025-04-14T18:45:00.072Z [[32minfo[39m]: Server running on port 3100
2025-04-14T18:45:04.338Z [[32minfo[39m]: POST - /v1/api/auth/login
2025-04-14T18:46:00.477Z [[32minfo[39m]: Successfully connected to DB
2025-04-14T18:46:00.489Z [[32minfo[39m]: Server running on port 3100
2025-04-14T18:46:05.272Z [[32minfo[39m]: POST - /v1/api/auth/login
2025-04-14T18:48:54.632Z [[32minfo[39m]: Successfully connected to DB
2025-04-14T18:48:54.641Z [[32minfo[39m]: Server running on port 3100
2025-04-14T18:48:58.352Z [[32minfo[39m]: POST - /v1/api/auth/login
2025-04-14T18:49:20.476Z [[32minfo[39m]: POST - /v1/api/auth/login
2025-04-14T18:49:30.054Z [[32minfo[39m]: POST - /v1/api/auth/login
2025-04-14T18:50:37.917Z [[32minfo[39m]: Successfully connected to DB
2025-04-14T18:50:37.926Z [[32minfo[39m]: Server running on port 3100
2025-04-14T18:51:27.134Z [[32minfo[39m]: Successfully connected to DB
2025-04-14T18:51:27.141Z [[32minfo[39m]: Server running on port 3100
2025-04-14T18:51:33.935Z [[32minfo[39m]: POST - /v1/api/auth/login
2025-04-15T03:28:41.747Z [[32minfo[39m]: POST - /v1/api/auth/login
2025-04-15T03:32:04.218Z [[32minfo[39m]: Successfully connected to DB
2025-04-15T03:32:04.269Z [[32minfo[39m]: Server running on port 3100
2025-04-15T03:32:33.643Z [[32minfo[39m]: POST - /v1/api/auth/register
2025-04-15T03:33:59.634Z [[32minfo[39m]: PATCH - /v1/api/auth/verify-email
2025-04-15T03:34:15.557Z [[32minfo[39m]: POST - /v1/api/auth/login
2025-04-15T03:34:55.092Z [[32minfo[39m]: POST - /v1/api/auth/forgot-password
2025-04-15T03:35:31.843Z [[32minfo[39m]: PATCH - /v1/api/auth/reset-password
2025-04-15T03:35:51.559Z [[32minfo[39m]: POST - /v1/api/auth/login
2025-04-15T03:36:10.244Z [[32minfo[39m]: POST - /v1/api/auth/login
2025-04-15T03:45:57.472Z [[32minfo[39m]: PATCH - /v1/api/auth/change-password
2025-04-15T03:46:12.517Z [[32minfo[39m]: POST - /v1/api/auth/login
2025-04-15T03:46:54.815Z [[32minfo[39m]: PATCH - /v1/api/auth/change-password
2025-04-15T03:47:14.288Z [[32minfo[39m]: PATCH - /v1/api/auth/change-password
2025-04-15T03:50:37.326Z [[32minfo[39m]: Successfully connected to DB
2025-04-15T03:50:37.334Z [[32minfo[39m]: Server running on port 3100
2025-04-15T03:50:44.004Z [[32minfo[39m]: PATCH - /v1/api/auth/change-password
2025-04-15T03:53:22.031Z [[32minfo[39m]: Successfully connected to DB
2025-04-15T03:53:22.037Z [[32minfo[39m]: Server running on port 3100
2025-04-15T03:53:36.325Z [[32minfo[39m]: PATCH - /v1/api/auth/change-password
2025-04-15T03:54:05.520Z [[32minfo[39m]: Successfully connected to DB
2025-04-15T03:54:05.539Z [[32minfo[39m]: Server running on port 3100
2025-04-15T03:54:08.577Z [[32minfo[39m]: POST - /v1/api/auth/login
2025-04-15T03:54:16.249Z [[32minfo[39m]: POST - /v1/api/auth/login
2025-04-15T03:55:01.061Z [[32minfo[39m]: Successfully connected to DB
2025-04-15T03:55:01.070Z [[32minfo[39m]: Server running on port 3100
2025-04-16T13:20:53.097Z [[32minfo[39m]: Successfully connected to DB
2025-04-16T13:20:53.191Z [[32minfo[39m]: Server running on port 3100
2025-04-16T13:23:31.456Z [[32minfo[39m]: POST - /v1/api%7D/auth/login
2025-04-16T13:23:31.458Z [[33mwarn[39m]: Can not find /v1/api%7D/auth/login with POST on this server
2025-04-16T13:24:29.116Z [[32minfo[39m]: POST - /v1/api%7D/auth/login
2025-04-16T13:24:29.116Z [[33mwarn[39m]: Can not find /v1/api%7D/auth/login with POST on this server
2025-04-16T13:28:44.417Z [[32minfo[39m]: Successfully connected to DB
2025-04-16T13:28:44.425Z [[32minfo[39m]: Server running on port 3100
2025-04-16T13:29:06.383Z [[32minfo[39m]: POST - /v1/api/auth/login
2025-04-16T13:46:39.019Z [[32minfo[39m]: POST - /v1/api/auth/forgot-password
2025-04-21T18:05:08.728Z [[31merror[39m]: Error connecting to DB
2025-04-21T18:05:08.736Z [[32minfo[39m]: Server running on port 3100
2025-04-22T09:32:28.334Z [[32minfo[39m]: Successfully connected to DB
2025-04-22T09:32:28.339Z [[32minfo[39m]: Server running on port 3100
2025-04-22T10:26:55.205Z [[32minfo[39m]: POST - /v1/api/auth/register
2025-04-22T10:27:54.322Z [[32minfo[39m]: POST - /v1/api/auth/resend-verification
2025-04-22T10:29:01.589Z [[32minfo[39m]: PATCH - /v1/api/auth/verify-email
2025-04-22T10:32:08.625Z [[32minfo[39m]: Successfully connected to DB
2025-04-22T10:32:08.633Z [[32minfo[39m]: Server running on port 3100
2025-04-22T10:32:25.669Z [[32minfo[39m]: Successfully connected to DB
2025-04-22T10:32:25.676Z [[32minfo[39m]: Server running on port 3100
2025-04-22T10:32:51.122Z [[32minfo[39m]: POST - /v1/api/auth/resend-verification
2025-04-22T10:33:40.241Z [[32minfo[39m]: PATCH - /v1/api/auth/verify-email
2025-04-22T17:16:57.597Z [[32minfo[39m]: Successfully connected to DB
2025-04-22T17:16:57.622Z [[32minfo[39m]: Server running on port 3100
2025-04-22T17:39:54.965Z [[32minfo[39m]: Successfully connected to DB
2025-04-22T17:39:54.984Z [[32minfo[39m]: Server running on port 3100
2025-04-22T17:41:41.789Z [[32minfo[39m]: Successfully connected to DB
2025-04-22T17:41:41.907Z [[32minfo[39m]: Server running on port 3100
2025-04-22T17:41:59.181Z [[32minfo[39m]: Successfully connected to DB
2025-04-22T17:41:59.190Z [[32minfo[39m]: Server running on port 3100
2025-04-22T17:45:32.410Z [[32minfo[39m]: Successfully connected to DB
2025-04-22T17:45:32.417Z [[32minfo[39m]: Server running on port 3100
2025-04-22T17:47:16.944Z [[32minfo[39m]: Successfully connected to DB
2025-04-22T17:47:16.952Z [[32minfo[39m]: Server running on port 3100
2025-04-22T17:47:42.486Z [[32minfo[39m]: Successfully connected to DB
2025-04-22T17:47:42.501Z [[32minfo[39m]: Server running on port 3100
2025-04-22T17:48:29.143Z [[32minfo[39m]: Successfully connected to DB
2025-04-22T17:48:29.151Z [[32minfo[39m]: Server running on port 3100
2025-04-22T17:49:00.866Z [[32minfo[39m]: Successfully connected to DB
2025-04-22T17:49:00.874Z [[32minfo[39m]: Server running on port 3100
2025-04-22T17:50:01.420Z [[32minfo[39m]: Successfully connected to DB
2025-04-22T17:50:01.425Z [[32minfo[39m]: Server running on port 3100
2025-04-22T17:52:20.072Z [[32minfo[39m]: Successfully connected to DB
2025-04-22T17:52:20.080Z [[32minfo[39m]: Server running on port 3100
2025-04-22T18:15:40.092Z [[32minfo[39m]: Successfully connected to DB
2025-04-22T18:15:40.114Z [[32minfo[39m]: Server running on port 3100
2025-04-23T12:47:48.610Z [[31merror[39m]: Error connecting to DB
2025-04-23T12:47:48.652Z [[32minfo[39m]: Server running on port 3100
2025-04-23T15:03:47.520Z [[32minfo[39m]: Successfully connected to DB
2025-04-23T15:03:47.635Z [[32minfo[39m]: Server running on port 3100
2025-04-23T17:26:30.507Z [[32minfo[39m]: Successfully connected to DB
2025-04-23T17:26:30.516Z [[32minfo[39m]: Server running on port 3100
2025-04-23T17:28:00.704Z [[32minfo[39m]: [CRON] Keep-alive triggered at 2025-04-23T17:28:00.703Z
2025-04-23T17:28:01.701Z [[32minfo[39m]: [KEEP-ALIVE] Pinged https://connected-backend-14v7.onrender.com — Status: 200
2025-04-23T17:31:36.240Z [[32minfo[39m]: Successfully connected to DB
2025-04-23T17:31:36.253Z [[32minfo[39m]: Server running on port 3100
2025-04-23T17:50:00.372Z [[32minfo[39m]: [CRON] Keep-alive triggered at 2025-04-23T17:50:00.324Z
2025-04-23T17:50:01.489Z [[32minfo[39m]: [KEEP-ALIVE] Pinged https://connected-backend-14v7.onrender.com — Status: 200
2025-04-23T18:00:00.995Z [[32minfo[39m]: [CRON] Keep-alive triggered at 2025-04-23T18:00:00.993Z
2025-04-23T18:00:01.020Z [[31merror[39m]: [KEEP-ALIVE ERROR] getaddrinfo ENOTFOUND connected-backend-14v7.onrender.com
2025-04-23T18:31:37.422Z [[31merror[39m]: Error connecting to DB
2025-04-23T18:31:37.437Z [[32minfo[39m]: Server running on port 3100
2025-04-23T18:46:26.879Z [[32minfo[39m]: Successfully connected to DB
2025-04-23T18:46:26.887Z [[32minfo[39m]: Server running on port 3100
2025-04-23T18:55:05.621Z [[32minfo[39m]: POST - /v1/api/auth/register
2025-04-30T14:47:51.405Z [[32minfo[39m]: Successfully connected to DB
2025-04-30T14:47:51.425Z [[32minfo[39m]: Server running on port 3100
2025-04-30T14:50:00.526Z [[32minfo[39m]: POST - /v1/api/auth/login
2025-04-30T14:50:16.435Z [[32minfo[39m]: POST - /v1/api/auth/login
2025-04-30T14:55:43.107Z [[32minfo[39m]: POST - /v1/api/auth/login
2025-04-30T14:59:04.172Z [[32minfo[39m]: POST - /v1/api/auth/login
2025-04-30T15:26:54.381Z [[32minfo[39m]: POST - /v1/api/auth/login
2025-04-30T15:28:48.524Z [[32minfo[39m]: POST - /v1/api/auth/login
2025-04-30T15:48:43.071Z [[32minfo[39m]: Successfully connected to DB
2025-04-30T15:48:43.079Z [[32minfo[39m]: Server running on port 3100
2025-04-30T15:49:27.499Z [[32minfo[39m]: Successfully connected to DB
2025-04-30T15:49:27.508Z [[32minfo[39m]: Server running on port 3100
2025-04-30T15:50:02.643Z [[32minfo[39m]: POST - /v1/api/auth/login
2025-04-30T15:54:25.492Z [[32minfo[39m]: POST - /v1/api/auth/login
2025-04-30T15:56:00.355Z [[32minfo[39m]: POST - /v1/api/auth/login
2025-04-30T15:58:52.435Z [[32minfo[39m]: POST - /v1/api/auth/register
2025-04-30T15:59:30.315Z [[32minfo[39m]: PATCH - /v1/api/auth/verify-email
2025-04-30T15:59:41.426Z [[32minfo[39m]: POST - /v1/api/auth/login
2025-04-30T15:59:55.043Z [[32minfo[39m]: POST - /v1/api/auth/login
2025-04-30T16:00:20.374Z [[32minfo[39m]: POST - /v1/api/auth/login
2025-04-30T16:27:22.035Z [[32minfo[39m]: POST - /v1/api/auth/login
2025-04-30T16:28:19.813Z [[32minfo[39m]: Successfully connected to DB
2025-04-30T16:28:19.830Z [[32minfo[39m]: Server running on port 3100
2025-04-30T16:29:50.521Z [[32minfo[39m]: POST - /v1/api/auth/login
2025-04-30T16:47:11.171Z [[32minfo[39m]: POST - /v1/api/auth/login
2025-04-30T16:48:12.630Z [[32minfo[39m]: Successfully connected to DB
2025-04-30T16:48:12.640Z [[32minfo[39m]: Server running on port 3100
2025-04-30T16:48:26.660Z [[32minfo[39m]: POST - /v1/api/auth/login
2025-04-30T16:51:38.285Z [[32minfo[39m]: POST - /v1/api/auth/login
2025-04-30T16:51:53.788Z [[32minfo[39m]: POST - /v1/api/auth/login
2025-04-30T16:52:10.381Z [[32minfo[39m]: POST - /v1/api/auth/login
2025-04-30T16:53:07.466Z [[32minfo[39m]: Successfully connected to DB
2025-04-30T16:53:07.472Z [[32minfo[39m]: Server running on port 3100
2025-04-30T16:53:16.149Z [[32minfo[39m]: POST - /v1/api/auth/login
2025-04-30T16:57:42.120Z [[32minfo[39m]: POST - /v1/api/auth/login
2025-04-30T16:57:56.124Z [[32minfo[39m]: POST - /v1/api/auth/login
2025-04-30T17:25:31.453Z [[32minfo[39m]: POST - /v1/api/auth/login
2025-04-30T17:25:44.848Z [[32minfo[39m]: POST - /v1/api/auth/login
2025-04-30T17:26:17.080Z [[32minfo[39m]: POST - /v1/api/auth/login
2025-04-30T17:26:24.880Z [[32minfo[39m]: POST - /v1/api/auth/login
2025-04-30T17:29:31.073Z [[32minfo[39m]: Successfully connected to DB
2025-04-30T17:29:31.087Z [[32minfo[39m]: Server running on port 3100
2025-04-30T18:41:44.906Z [[32minfo[39m]: PUT - /v1/api/logout
2025-04-30T18:41:45.025Z [[33mwarn[39m]: Can not find /v1/api/logout with PUT on this server
2025-04-30T18:41:45.213Z [[32minfo[39m]: PUT - /v1/api/logout
2025-04-30T18:41:45.214Z [[33mwarn[39m]: Can not find /v1/api/logout with PUT on this server
2025-04-30T18:41:54.531Z [[32minfo[39m]: POST - /v1/api/login
2025-04-30T18:41:54.534Z [[33mwarn[39m]: Can not find /v1/api/login with POST on this server
2025-04-30T18:43:02.577Z [[32minfo[39m]: POST - /v1/api/login
2025-04-30T18:43:02.582Z [[33mwarn[39m]: Can not find /v1/api/login with POST on this server
2025-04-30T18:43:06.103Z [[32minfo[39m]: POST - /v1/api/login
2025-04-30T18:43:06.104Z [[33mwarn[39m]: Can not find /v1/api/login with POST on this server
2025-04-30T18:44:37.871Z [[32minfo[39m]: PUT - /v1/api/logout
2025-04-30T18:44:37.872Z [[33mwarn[39m]: Can not find /v1/api/logout with PUT on this server
2025-04-30T18:45:02.266Z [[32minfo[39m]: POST - /v1/api/login
2025-04-30T18:45:02.266Z [[33mwarn[39m]: Can not find /v1/api/login with POST on this server
2025-04-30T18:45:04.009Z [[32minfo[39m]: POST - /v1/api/login
2025-04-30T18:45:04.009Z [[33mwarn[39m]: Can not find /v1/api/login with POST on this server
2025-04-30T18:47:14.687Z [[32minfo[39m]: POST - /v1/api/auth/login
2025-04-30T18:48:06.627Z [[32minfo[39m]: PUT - /v1/apiauth/logout
2025-04-30T18:48:06.633Z [[33mwarn[39m]: Can not find /v1/apiauth/logout with PUT on this server
2025-04-30T18:48:06.674Z [[32minfo[39m]: PUT - /v1/apiauth/logout
2025-04-30T18:48:06.675Z [[33mwarn[39m]: Can not find /v1/apiauth/logout with PUT on this server
2025-04-30T18:48:11.273Z [[32minfo[39m]: PUT - /v1/api/auth/logout
2025-04-30T18:48:11.281Z [[32minfo[39m]: PUT - /v1/api/auth/logout
2025-04-30T18:48:33.488Z [[32minfo[39m]: POST - /v1/api/auth/login
2025-04-30T18:57:26.795Z [[32minfo[39m]: POST - /v1/api/auth/register
2025-04-30T18:58:31.559Z [[32minfo[39m]: PATCH - /v1/api/auth/verify-email
2025-04-30T19:31:20.442Z [[32minfo[39m]: PATCH - /v1/api/auth/verify-email
2025-04-30T19:37:04.308Z [[32minfo[39m]: POST - /v1/api/auth/register
2025-04-30T19:41:14.763Z [[32minfo[39m]: POST - /v1/api/auth/register
2025-04-30T19:41:44.261Z [[32minfo[39m]: POST - /v1/api/auth/register
2025-04-30T19:42:43.003Z [[32minfo[39m]: PATCH - /v1/api/auth/verify-email
2025-04-30T19:43:24.525Z [[32minfo[39m]: PATCH - /v1/api/auth/verify-email
2025-04-30T19:43:32.438Z [[32minfo[39m]: PUT - /v1/api/auth/logout
2025-04-30T19:43:32.530Z [[32minfo[39m]: PUT - /v1/api/auth/logout
2025-04-30T19:43:32.535Z [[32minfo[39m]: PUT - /v1/api/auth/logout
2025-04-30T19:43:45.524Z [[32minfo[39m]: POST - /v1/api/auth/login
2025-04-30T19:44:12.060Z [[32minfo[39m]: PUT - /v1/api/auth/logout
2025-04-30T19:44:12.062Z [[32minfo[39m]: PUT - /v1/api/auth/logout
2025-04-30T19:44:12.647Z [[32minfo[39m]: PUT - /v1/api/auth/logout
2025-04-30T19:44:14.883Z [[32minfo[39m]: POST - /v1/api/auth/login
2025-04-30T19:45:04.370Z [[32minfo[39m]: Successfully connected to DB
2025-04-30T19:45:04.379Z [[32minfo[39m]: Server running on port 3100
2025-04-30T19:45:10.949Z [[32minfo[39m]: PUT - /v1/api/auth/logout
2025-04-30T19:45:10.965Z [[32minfo[39m]: PUT - /v1/api/auth/logout
2025-04-30T19:45:11.249Z [[32minfo[39m]: PUT - /v1/api/auth/logout
2025-04-30T19:45:31.046Z [[32minfo[39m]: POST - /v1/api/auth/login
2025-04-30T19:51:11.028Z [[32minfo[39m]: PUT - /v1/api/auth/logout
2025-04-30T19:51:11.129Z [[32minfo[39m]: PUT - /v1/api/auth/logout
2025-04-30T19:51:11.623Z [[32minfo[39m]: PUT - /v1/api/auth/logout
2025-04-30T19:51:20.648Z [[32minfo[39m]: PUT - /v1/api/auth/logout
2025-04-30T19:51:20.660Z [[32minfo[39m]: PUT - /v1/api/auth/logout
2025-04-30T19:51:32.582Z [[32minfo[39m]: POST - /v1/api/auth/login
2025-04-30T19:52:12.394Z [[32minfo[39m]: PUT - /v1/api/auth/logout
2025-04-30T19:52:12.399Z [[32minfo[39m]: PUT - /v1/api/auth/logout
2025-04-30T19:52:12.613Z [[32minfo[39m]: PUT - /v1/api/auth/logout
2025-04-30T19:52:21.659Z [[32minfo[39m]: POST - /v1/api/auth/login
2025-04-30T19:53:31.296Z [[32minfo[39m]: PUT - /v1/api/auth/logout
2025-04-30T19:53:31.304Z [[32minfo[39m]: PUT - /v1/api/auth/logout
2025-04-30T19:53:31.401Z [[32minfo[39m]: PUT - /v1/api/auth/logout
2025-04-30T19:54:26.961Z [[32minfo[39m]: PUT - /v1/api/auth/logout
2025-05-01T11:57:19.330Z [[32minfo[39m]: Successfully connected to DB
2025-05-01T11:57:19.352Z [[32minfo[39m]: Server running on port 3100
2025-05-01T12:16:52.355Z [[32minfo[39m]: POST - /v1/api/auth/login
2025-05-01T13:30:13.786Z [[32minfo[39m]: POST - /v1/api/auth/login
2025-05-01T13:31:04.233Z [[32minfo[39m]: Successfully connected to DB
2025-05-01T13:31:04.241Z [[32minfo[39m]: Server running on port 3100
2025-05-01T13:31:21.656Z [[32minfo[39m]: POST - /v1/api/auth/login
2025-05-01T13:31:40.081Z [[32minfo[39m]: POST - /v1/api/auth/login
2025-05-01T13:33:14.915Z [[32minfo[39m]: POST - /v1/api/auth/register
2025-05-01T13:34:37.748Z [[32minfo[39m]: POST - /v1/api/auth/register
2025-05-01T13:38:28.748Z [[32minfo[39m]: POST - /v1/api/auth/register
2025-05-03T23:03:54.182Z [[32minfo[39m]: Successfully connected to DB
2025-05-03T23:03:54.195Z [[32minfo[39m]: Server running on port 3100
2025-05-03T23:04:08.001Z [[32minfo[39m]: POST - /v1/api/auth/login
2025-05-03T23:04:41.576Z [[32minfo[39m]: POST - /v1/api/auth/login
2025-05-03T23:05:17.318Z [[32minfo[39m]: POST - /v1/api/auth/login
2025-05-03T23:07:20.985Z [[32minfo[39m]: POST - /v1/api/auth/register
2025-05-03T23:07:48.666Z [[32minfo[39m]: PATCH - /v1/api/auth/verify-email
2025-05-03T23:08:19.629Z [[32minfo[39m]: POST - /v1/api/auth/login
2025-05-03T23:39:43.919Z [[32minfo[39m]: POST - /v1/api/auth/login
2025-05-03T23:45:47.268Z [[32minfo[39m]: POST - /v1/api/auth/login
2025-05-03T23:46:21.512Z [[32minfo[39m]: POST - /v1/api/auth/login
2025-05-03T23:49:45.493Z [[32minfo[39m]: POST - /v1/api/auth/login
2025-05-03T23:49:48.794Z [[32minfo[39m]: POST - /v1/api/auth/login
2025-05-03T23:49:59.183Z [[32minfo[39m]: POST - /v1/api/auth/login
2025-05-03T23:50:12.920Z [[32minfo[39m]: POST - /v1/api/auth/login
2025-05-03T23:59:00.402Z [[32minfo[39m]: POST - /v1/api/auth/login
2025-05-04T00:01:39.253Z [[32minfo[39m]: POST - /v1/api/auth/login
2025-05-04T00:01:51.198Z [[32minfo[39m]: POST - /v1/api/auth/login
2025-05-04T00:01:57.901Z [[32minfo[39m]: POST - /v1/api/auth/login
2025-05-04T00:03:18.582Z [[32minfo[39m]: POST - /v1/api/auth/login
2025-05-04T00:03:59.766Z [[32minfo[39m]: POST - /v1/api/auth/login
2025-05-04T00:15:47.426Z [[32minfo[39m]: POST - /v1/api/auth/login
2025-05-04T00:24:49.336Z [[32minfo[39m]: POST - /v1/api/auth/login
2025-05-04T00:34:21.598Z [[32minfo[39m]: POST - /v1/api/auth/login
2025-05-04T00:39:10.070Z [[32minfo[39m]: POST - /v1/api/auth/login
2025-05-04T00:39:20.565Z [[32minfo[39m]: POST - /v1/api/auth/login
2025-05-04T00:40:08.024Z [[32minfo[39m]: POST - /v1/api/auth/request-password-reset
2025-05-04T00:40:08.035Z [[33mwarn[39m]: Can not find /v1/api/auth/request-password-reset with POST on this server
2025-05-04T07:13:53.420Z [[32minfo[39m]: POST - /v1/api/auth/forgot-password
2025-05-04T07:22:47.527Z [[32minfo[39m]: POST - /v1/api/auth/forgot-password
2025-05-04T07:23:07.116Z [[32minfo[39m]: POST - /v1/api/auth/forgot-password
2025-05-04T07:23:53.355Z [[32minfo[39m]: POST - /v1/api/auth/forgot-password
2025-05-04T07:26:51.383Z [[32minfo[39m]: POST - /v1/api/auth/forgot-password
2025-05-04T07:34:49.985Z [[32minfo[39m]: POST - /v1/api/auth/forgot-password
2025-05-04T07:36:02.706Z [[32minfo[39m]: POST - /v1/api/auth/forgot-password
2025-05-04T17:42:12.287Z [[32minfo[39m]: POST - /v1/api/auth/forgot-password
2025-05-04T18:04:36.605Z [[32minfo[39m]: POST - /v1/api/auth/login
2025-05-04T18:04:46.623Z [[32minfo[39m]: POST - /v1/api/auth/login
2025-05-04T18:05:04.568Z [[32minfo[39m]: POST - /v1/api/auth/forgot-password
2025-05-04T18:09:03.584Z [[32minfo[39m]: POST - /v1/api/auth/forgot-password
2025-05-04T18:09:12.987Z [[32minfo[39m]: POST - /v1/api/auth/forgot-password
2025-05-04T18:09:17.120Z [[32minfo[39m]: POST - /v1/api/auth/forgot-password
2025-05-05T04:23:47.644Z [[32minfo[39m]: POST - /v1/api/auth/forgot-password
2025-05-05T04:25:24.898Z [[32minfo[39m]: POST - /v1/api/auth/forgot-password
2025-05-05T04:25:42.625Z [[32minfo[39m]: POST - /v1/api/auth/forgot-password
2025-05-05T12:28:07.408Z [[32minfo[39m]: Successfully connected to DB
2025-05-05T12:28:07.434Z [[32minfo[39m]: Server running on port 3100
2025-05-05T12:28:11.334Z [[32minfo[39m]: POST - /v1/api/auth/register
2025-05-05T12:33:46.204Z [[32minfo[39m]: PATCH - /v1/api/auth/verify-email
2025-05-05T12:33:56.318Z [[32minfo[39m]: POST - /v1/api/auth/login
2025-05-05T12:46:48.878Z [[32minfo[39m]: POST - /v1/api/auth/login
2025-05-05T12:52:08.367Z [[32minfo[39m]: Successfully connected to DB
2025-05-05T12:52:08.379Z [[32minfo[39m]: Server running on port 3100
2025-05-05T13:55:03.143Z [[32minfo[39m]: POST - /v1/api/auth/login
2025-05-05T14:04:06.051Z [[32minfo[39m]: POST - /v1/api/auth/login
2025-05-05T14:05:43.371Z [[32minfo[39m]: POST - /v1/api/auth/register
2025-05-05T14:06:51.915Z [[32minfo[39m]: PATCH - /v1/api/auth/verify-email
2025-05-05T14:07:00.652Z [[32minfo[39m]: POST - /v1/api/auth/login
2025-05-05T14:07:44.386Z [[32minfo[39m]: POST - /v1/api/auth/login
2025-05-05T14:08:15.939Z [[32minfo[39m]: POST - /v1/api/auth/login
2025-05-05T14:08:58.177Z [[32minfo[39m]: POST - /v1/api/auth/login
2025-05-05T14:09:49.041Z [[32minfo[39m]: POST - /v1/api/auth/forgot-password
2025-05-05T14:18:04.712Z [[32minfo[39m]: POST - /v1/api/auth/forgot-password
2025-05-05T14:28:03.950Z [[32minfo[39m]: POST - /v1/api/auth/forgot-password
2025-05-05T14:30:52.540Z [[32minfo[39m]: POST - /v1/api/auth/forgot-password
2025-05-05T14:32:14.562Z [[32minfo[39m]: POST - /v1/api/auth/forgot-password
2025-05-05T14:34:31.850Z [[32minfo[39m]: POST - /v1/api/auth/forgot-password
2025-05-05T15:03:32.036Z [[32minfo[39m]: POST - /v1/api/auth/forgot-password
2025-05-05T15:12:04.365Z [[32minfo[39m]: POST - /v1/api/auth/forgot-password
2025-05-05T15:12:59.667Z [[32minfo[39m]: POST - /v1/api/auth/reset-password
2025-05-05T15:12:59.710Z [[33mwarn[39m]: Can not find /v1/api/auth/reset-password with POST on this server
2025-05-05T15:23:58.061Z [[32minfo[39m]: POST - /v1/api/auth/forgot-password
2025-05-05T15:24:47.260Z [[32minfo[39m]: PATCH - /v1/api/auth/reset-password
2025-05-05T15:25:07.301Z [[32minfo[39m]: POST - /v1/api/auth/login
2025-05-07T08:55:07.282Z [[32minfo[39m]: Successfully connected to DB
2025-05-07T08:55:07.289Z [[32minfo[39m]: Server running on port 3100
2025-05-07T08:57:41.850Z [[32minfo[39m]: POST - /v1/api/auth/register
2025-05-07T08:58:29.979Z [[32minfo[39m]: PATCH - /v1/api/auth/verify-email
2025-05-07T08:58:58.023Z [[32minfo[39m]: POST - /v1/api/auth/login
2025-05-07T09:10:24.858Z [[32minfo[39m]: Successfully connected to DB
2025-05-07T09:10:25.098Z [[32minfo[39m]: Server running on port 3100
2025-05-07T09:10:43.550Z [[32minfo[39m]: POST - /v1/api/auth/login
2025-05-07T09:16:32.741Z [[32minfo[39m]: POST - /v1/api/auth/login
2025-05-07T09:31:51.895Z [[32minfo[39m]: Successfully connected to DB
2025-05-07T09:31:51.950Z [[32minfo[39m]: Server running on port 3100
2025-05-07T09:32:52.139Z [[32minfo[39m]: Successfully connected to DB
2025-05-07T09:32:52.150Z [[32minfo[39m]: Server running on port 3100
2025-05-07T17:35:11.653Z [[32minfo[39m]: Successfully connected to DB
2025-05-07T17:35:11.661Z [[32minfo[39m]: Server running on port 3100
2025-05-07T17:40:09.584Z [[32minfo[39m]: Successfully connected to DB
2025-05-07T17:40:09.591Z [[32minfo[39m]: Server running on port 3100
2025-05-07T18:36:23.224Z [[31merror[39m]: Error connecting to DB
2025-05-07T18:36:23.233Z [[32minfo[39m]: Server running on port 3100
2025-05-07T18:38:18.687Z [[31merror[39m]: Error connecting to DB
2025-05-07T18:38:18.695Z [[32minfo[39m]: Server running on port 3100
2025-05-07T18:39:09.480Z [[31merror[39m]: Error connecting to DB
2025-05-07T18:39:09.492Z [[32minfo[39m]: Server running on port 3100
2025-05-07T18:41:20.719Z [[32minfo[39m]: POST - /v1/api/auth/login
2025-05-07T18:42:03.316Z [[32minfo[39m]: Successfully connected to DB
2025-05-07T18:42:03.327Z [[32minfo[39m]: Server running on port 3100
2025-05-07T18:42:16.895Z [[32minfo[39m]: POST - /v1/api/auth/login
2025-05-07T18:43:53.946Z [[32minfo[39m]: POST - /v1/api/auth/login
2025-05-07T18:44:32.547Z [[32minfo[39m]: POST - /v1/api/auth/login
2025-05-07T18:48:33.805Z [[32minfo[39m]: Successfully connected to DB
2025-05-07T18:48:33.812Z [[32minfo[39m]: Server running on port 3100
2025-05-07T18:50:38.418Z [[32minfo[39m]: Successfully connected to DB
2025-05-07T18:50:38.426Z [[32minfo[39m]: Server running on port 3100
2025-05-07T18:50:50.418Z [[32minfo[39m]: POST - /v1/api/auth/login
2025-05-07T18:52:03.455Z [[32minfo[39m]: Successfully connected to DB
2025-05-07T18:52:03.461Z [[32minfo[39m]: Server running on port 3100
2025-05-07T18:52:08.233Z [[32minfo[39m]: POST - /v1/api/auth/login
2025-05-07T18:57:09.836Z [[32minfo[39m]: Successfully connected to DB
2025-05-07T18:57:09.842Z [[32minfo[39m]: Server running on port 3100
2025-05-07T18:57:15.548Z [[32minfo[39m]: POST - /v1/api/auth/login
2025-05-07T19:00:08.573Z [[32minfo[39m]: POST - /v1/api/auth/login
2025-05-07T23:35:25.703Z [[32minfo[39m]: Successfully connected to DB
2025-05-07T23:35:25.709Z [[32minfo[39m]: Server running on port 3100
2025-05-07T23:35:33.994Z [[32minfo[39m]: POST - /v1/api/auth/login
2025-05-07T23:42:23.710Z [[32minfo[39m]: POST - /v1/api/auth/login
2025-05-07T23:42:52.234Z [[32minfo[39m]: POST - /v1/api/auth/login
2025-05-07T23:45:43.792Z [[32minfo[39m]: POST - /v1/api/auth/login
2025-05-08T04:27:02.392Z [[32minfo[39m]: POST - /v1/api/auth/login
2025-05-08T04:27:19.954Z [[32minfo[39m]: POST - /v1/api/auth/login
2025-05-08T04:27:29.992Z [[32minfo[39m]: POST - /v1/api/auth/login
2025-05-08T04:27:51.234Z [[32minfo[39m]: POST - /v1/api/auth/login
2025-05-08T04:28:16.105Z [[32minfo[39m]: POST - /v1/api/auth/login
2025-05-08T04:28:42.982Z [[32minfo[39m]: POST - /v1/api/auth/login
2025-05-08T04:29:14.142Z [[32minfo[39m]: POST - /v1/api/auth/login
2025-05-08T04:29:39.623Z [[32minfo[39m]: POST - /v1/api/auth/login
2025-05-08T04:58:09.061Z [[32minfo[39m]: POST - /v1/api/auth/login
2025-05-08T04:58:20.939Z [[32minfo[39m]: POST - /v1/api/auth/login
2025-05-08T05:07:24.640Z [[32minfo[39m]: POST - /v1/api/auth/login
2025-05-08T05:08:57.244Z [[32minfo[39m]: POST - /v1/api/auth/login
2025-05-08T13:21:53.801Z [[32minfo[39m]: Successfully connected to DB
2025-05-08T13:21:54.327Z [[32minfo[39m]: Server running on port 3100
2025-05-08T13:22:35.146Z [[32minfo[39m]: POST - /v1/api/auth/login
2025-05-08T13:23:51.105Z [[32minfo[39m]: POST - /v1/api/auth/login
2025-05-08T13:24:12.153Z [[32minfo[39m]: POST - /v1/api/auth/login
2025-05-08T13:24:24.405Z [[32minfo[39m]: POST - /v1/api/auth/login
2025-05-09T16:17:18.777Z [[32minfo[39m]: Successfully connected to DB
2025-05-09T16:17:18.786Z [[32minfo[39m]: Server running on port 3100
2025-05-09T16:17:34.889Z [[32minfo[39m]: POST - /v1/api/auth/login
2025-05-09T16:17:51.298Z [[32minfo[39m]: POST - /v1/api/auth/login
2025-05-09T16:36:31.644Z [[32minfo[39m]: Successfully connected to DB
2025-05-09T16:36:31.678Z [[32minfo[39m]: Server running on port 3100
2025-05-09T16:44:59.579Z [[32minfo[39m]: Successfully connected to DB
2025-05-09T16:45:44.324Z [[32minfo[39m]: POST - /v1/api/auth/login
2025-05-09T16:47:03.028Z [[32minfo[39m]: Successfully connected to DB
2025-05-09T16:47:03.028Z [[32minfo[39m]: Successfully connected to DB
2025-05-09T16:47:03.034Z [[32minfo[39m]: Server running on port 3100
2025-05-09T16:47:09.421Z [[32minfo[39m]: POST - /v1/api/auth/login
2025-05-09T16:47:51.085Z [[32minfo[39m]: POST - /v1/api/auth/login
2025-06-02T10:29:02.515Z [[32minfo[39m]: Successfully connected to DB
2025-06-02T10:29:02.525Z [[32minfo[39m]: Server running on port 3100
2025-06-02T11:39:08.173Z [[32minfo[39m]: Successfully connected to DB
2025-06-02T11:39:08.182Z [[32minfo[39m]: Server running on port 3100
2025-06-03T15:42:52.579Z [[32minfo[39m]: Successfully connected to DB
2025-06-03T15:42:52.607Z [[32minfo[39m]: Server running on port 3100
2025-06-03T15:44:38.881Z [[32minfo[39m]: Successfully connected to DB
2025-06-03T15:44:38.903Z [[32minfo[39m]: Server running on port 3100
2025-06-03T15:45:37.012Z [[32minfo[39m]: Successfully connected to DB
2025-06-03T15:45:37.019Z [[32minfo[39m]: Server running on port 3100
2025-06-03T15:51:27.720Z [[32minfo[39m]: Successfully connected to DB
2025-06-03T15:51:27.752Z [[32minfo[39m]: Server running on port 3100
2025-06-03T16:09:12.049Z [[32minfo[39m]: Successfully connected to DB
2025-06-03T16:09:12.056Z [[32minfo[39m]: Server running on port 3100
2025-06-03T16:10:50.100Z [[32minfo[39m]: Successfully connected to DB
2025-06-03T16:10:50.109Z [[32minfo[39m]: Server running on port 3100
2025-06-03T16:11:31.134Z [[32minfo[39m]: Successfully connected to DB
2025-06-03T16:11:31.166Z [[32minfo[39m]: Server running on port 3100
2025-06-03T16:14:36.584Z [[32minfo[39m]: Successfully connected to DB
2025-06-03T16:14:36.590Z [[32minfo[39m]: Server running on port 3100
2025-06-03T16:16:19.221Z [[32minfo[39m]: Successfully connected to DB
2025-06-03T16:16:19.227Z [[32minfo[39m]: Server running on port 3100
2025-06-03T16:17:44.815Z [[32minfo[39m]: Successfully connected to DB
2025-06-03T16:17:44.822Z [[32minfo[39m]: Server running on port 3100
2025-06-03T16:18:16.126Z [[32minfo[39m]: Successfully connected to DB
2025-06-03T16:18:16.147Z [[32minfo[39m]: Server running on port 3100
2025-06-03T16:18:48.363Z [[32minfo[39m]: Successfully connected to DB
2025-06-03T16:18:48.369Z [[32minfo[39m]: Server running on port 3100
2025-06-03T16:19:46.015Z [[32minfo[39m]: Successfully connected to DB
2025-06-03T16:19:46.022Z [[32minfo[39m]: Server running on port 3100
2025-06-04T11:36:18.360Z [[32minfo[39m]: Successfully connected to DB
2025-06-04T11:36:18.376Z [[32minfo[39m]: Server running on port 3100
2025-06-04T11:40:33.813Z [[32minfo[39m]: POST - /v1/api/auth/register
2025-06-04T11:41:30.827Z [[32minfo[39m]: PATCH - /v1/api/auth/verify-email
2025-06-04T11:41:39.796Z [[32minfo[39m]: POST - /v1/api/auth/login
2025-06-04T11:49:31.956Z [[32minfo[39m]: PUT - /v1/api/user/profile
2025-06-04T11:51:24.426Z [[32minfo[39m]: PUT - /v1/api/user/profile
2025-06-04T11:52:29.399Z [[32minfo[39m]: Successfully connected to DB
2025-06-04T11:52:29.426Z [[32minfo[39m]: Server running on port 3100
2025-06-04T11:52:58.940Z [[32minfo[39m]: PUT - /v1/api/user/profile
2025-06-04T12:41:10.148Z [[32minfo[39m]: GET - /v1/api/user/profile
2025-06-04T12:48:43.847Z [[32minfo[39m]: Successfully connected to DB
2025-06-04T12:48:43.859Z [[32minfo[39m]: Server running on port 3100
2025-06-04T12:48:49.944Z [[32minfo[39m]: PUT - /v1/api/user/profile
2025-06-04T12:48:58.957Z [[32minfo[39m]: PUT - /v1/api/user/profile
2025-06-04T12:49:08.396Z [[32minfo[39m]: PUT - /v1/api/user/profile
2025-06-04T12:50:38.167Z [[32minfo[39m]: Successfully connected to DB
2025-06-04T12:50:38.177Z [[32minfo[39m]: Server running on port 3100
2025-06-04T12:55:14.669Z [[32minfo[39m]: Successfully connected to DB
2025-06-04T12:55:14.679Z [[32minfo[39m]: Server running on port 3100
2025-06-04T13:05:13.854Z [[32minfo[39m]: Successfully connected to DB
2025-06-04T13:05:13.866Z [[32minfo[39m]: Server running on port 3100
2025-06-04T13:05:48.721Z [[32minfo[39m]: Successfully connected to DB
2025-06-04T13:05:48.728Z [[32minfo[39m]: Server running on port 3100
2025-06-04T13:08:40.763Z [[32minfo[39m]: Successfully connected to DB
2025-06-04T13:08:40.773Z [[32minfo[39m]: Server running on port 3100
2025-06-04T13:09:41.480Z [[32minfo[39m]: PUT - /v1/api/user/profile
2025-06-04T13:38:22.699Z [[32minfo[39m]: Successfully connected to DB
2025-06-04T13:38:22.705Z [[32minfo[39m]: Server running on port 3100
2025-06-04T13:46:29.634Z [[32minfo[39m]: Successfully connected to DB
2025-06-04T13:46:29.652Z [[32minfo[39m]: Server running on port 3100
2025-06-04T13:47:18.525Z [[32minfo[39m]: Successfully connected to DB
2025-06-04T13:47:18.536Z [[32minfo[39m]: Server running on port 3100
2025-06-04T13:48:23.160Z [[32minfo[39m]: Successfully connected to DB
2025-06-04T13:48:23.166Z [[32minfo[39m]: Server running on port 3100
2025-06-04T13:48:49.013Z [[32minfo[39m]: PUT - /v1/api/user/profile
2025-06-04T13:53:20.862Z [[32minfo[39m]: Successfully connected to DB
2025-06-04T13:53:20.869Z [[32minfo[39m]: Server running on port 3100
2025-06-04T13:54:23.938Z [[32minfo[39m]: Successfully connected to DB
2025-06-04T13:54:23.945Z [[32minfo[39m]: Server running on port 3100
2025-06-04T13:55:40.223Z [[32minfo[39m]: Successfully connected to DB
2025-06-04T13:55:40.229Z [[32minfo[39m]: Server running on port 3100
2025-06-04T13:55:46.873Z [[32minfo[39m]: PUT - /v1/api/user/profile
2025-06-04T13:58:36.569Z [[32minfo[39m]: PUT - /v1/api/user/profile
2025-06-04T14:22:13.856Z [[32minfo[39m]: Successfully connected to DB
2025-06-04T14:22:13.864Z [[32minfo[39m]: Server running on port 3100
2025-06-04T14:22:46.713Z [[32minfo[39m]: Successfully connected to DB
2025-06-04T14:22:46.719Z [[32minfo[39m]: Server running on port 3100
2025-06-04T14:28:31.087Z [[32minfo[39m]: Successfully connected to DB
2025-06-04T14:28:31.095Z [[32minfo[39m]: Server running on port 3100
2025-06-04T14:30:23.471Z [[32minfo[39m]: Successfully connected to DB
2025-06-04T14:30:23.477Z [[32minfo[39m]: Server running on port 3100
2025-06-04T14:45:48.933Z [[32minfo[39m]: Successfully connected to DB
2025-06-04T14:45:48.938Z [[32minfo[39m]: Server running on port 3100
2025-06-04T14:46:46.831Z [[32minfo[39m]: Successfully connected to DB
2025-06-04T14:46:46.843Z [[32minfo[39m]: Server running on port 3100
2025-06-04T14:49:52.417Z [[31merror[39m]: Error connecting to DB
2025-06-04T14:49:52.431Z [[32minfo[39m]: Server running on port 3100
2025-06-04T14:50:34.215Z [[32minfo[39m]: Successfully connected to DB
2025-06-04T14:50:34.226Z [[32minfo[39m]: Server running on port 3100
2025-06-04T14:50:46.189Z [[32minfo[39m]: PUT - /v1/api/user/profile
2025-06-04T14:51:23.506Z [[32minfo[39m]: PUT - /v1/api/user/profile
2025-06-04T14:54:51.260Z [[32minfo[39m]: Successfully connected to DB
2025-06-04T14:54:51.266Z [[32minfo[39m]: Server running on port 3100
2025-06-04T14:55:38.634Z [[32minfo[39m]: PUT - /v1/api/user/profile
2025-06-04T14:57:18.388Z [[32minfo[39m]: Successfully connected to DB
2025-06-04T14:57:18.393Z [[32minfo[39m]: Server running on port 3100
2025-06-04T14:57:21.578Z [[32minfo[39m]: PUT - /v1/api/user/profile
2025-06-04T14:58:05.696Z [[32minfo[39m]: Successfully connected to DB
2025-06-04T14:58:05.701Z [[32minfo[39m]: Server running on port 3100
2025-06-04T14:58:09.018Z [[32minfo[39m]: PUT - /v1/api/user/profile
2025-06-04T15:00:36.591Z [[32minfo[39m]: PUT - /v1/api/user/profile
2025-06-04T15:01:08.194Z [[32minfo[39m]: PUT - /v1/api/user/profile
2025-06-04T15:10:14.008Z [[32minfo[39m]: Successfully connected to DB
2025-06-04T15:10:14.013Z [[32minfo[39m]: Server running on port 3100
2025-06-04T15:10:18.606Z [[32minfo[39m]: PUT - /v1/api/user/profile
2025-06-04T15:10:26.455Z [[32minfo[39m]: GET - /v1/api/user/profile
2025-06-04T15:14:24.786Z [[32minfo[39m]: Successfully connected to DB
2025-06-04T15:14:24.792Z [[32minfo[39m]: Server running on port 3100
2025-06-04T15:33:16.215Z [[32minfo[39m]: Successfully connected to DB
2025-06-04T15:33:16.231Z [[32minfo[39m]: Server running on port 3100
2025-06-04T15:36:12.124Z [[32minfo[39m]: POST - /v1/api/user/profile/project
2025-06-04T15:36:12.126Z [[33mwarn[39m]: Can not find /v1/api/user/profile/project with POST on this server
2025-06-04T15:36:37.152Z [[32minfo[39m]: POST - /v1/api/user/profile/projects
2025-06-04T15:39:53.356Z [[32minfo[39m]: Successfully connected to DB
2025-06-04T15:39:53.363Z [[32minfo[39m]: Server running on port 3100
2025-06-04T15:40:41.530Z [[32minfo[39m]: Successfully connected to DB
2025-06-04T15:40:41.540Z [[32minfo[39m]: Server running on port 3100
2025-06-04T15:41:21.154Z [[32minfo[39m]: GET - /v1/api/user/profile/projects
2025-06-05T09:40:01.271Z [[32minfo[39m]: Successfully connected to DB
2025-06-05T09:40:01.337Z [[32minfo[39m]: Server running on port 3100
2025-06-05T09:42:30.523Z [[32minfo[39m]: Successfully connected to DB
2025-06-05T09:42:30.532Z [[32minfo[39m]: Server running on port 3100
